========================================
Auto-start script started at Mon Apr  6 08:14:48 PM UTC 2026
========================================

Checking for existing tmux sessions...

Starting new tmux sessions...

✓ Starting tmux session 'nocometalworkz_session'
  Directory: /srv/nocometalworkz
  Command: npm start
  Status: SUCCESS

✓ Starting tmux session 'ps_session'
  Directory: /srv/ps
  Command: npm run dev
  Status: SUCCESS

✓ Starting tmux session 'sna_session'
  Directory: /srv/sna
  Command: npm run dev
  Status: SUCCESS

✓ Starting tmux session 'twww_session'
  Directory: /srv/twww
  Command: npm start
  Status: SUCCESS

✓ Starting tmux session 'acm_session'
  Directory: /srv/acm
  Command: npm run dev
  Status: SUCCESS

✓ Starting tmux session 'bih_session'
  Directory: /srv/bih
  Command: npm run dev
  Status: SUCCESS

✓ Starting tmux session 'game-state-service_session'
  Directory: /srv/game-state-service
  Command: npm run dev
  Status: SUCCESS

✓ Starting tmux session 'servers_session'
  Directory: /srv/servers
  Command: npm run dev
  Status: SUCCESS

✓ Starting tmux session 'graffiti-tv_session'
  Directory: /srv/graffiti-tv
  Command: npm run dev
  Status: SUCCESS

✓ Starting tmux session 'greealitytv_session'
  Directory: /srv/greealitytv
  Command: npm run dev
  Status: SUCCESS

✓ Starting tmux session 'slab_session'
  Directory: /srv/slab
  Command: npm run dev
  Status: SUCCESS

✓ Starting tmux session 'opsTrain_session'
  Directory: /srv/opsTrain
  Command: npm run dev
  Status: SUCCESS

✓ Starting tmux session 'piper-tts_session'
  Directory: /srv/piper-tts
  Command: npm start
  Status: SUCCESS

========================================
Auto-start script completed at Mon Apr  6 08:14:50 PM UTC 2026
========================================

Active tmux sessions:
acm_session: 1 windows (created Mon Apr  6 20:14:50 2026)
bih_session: 1 windows (created Mon Apr  6 20:14:50 2026)
game-state-service_session: 1 windows (created Mon Apr  6 20:14:50 2026)
graffiti-tv_session: 1 windows (created Mon Apr  6 20:14:50 2026)
greealitytv_session: 1 windows (created Mon Apr  6 20:14:50 2026)
nocometalworkz_session: 1 windows (created Mon Apr  6 20:14:50 2026)
opsTrain_session: 1 windows (created Mon Apr  6 20:14:50 2026)
piper-tts_session: 1 windows (created Mon Apr  6 20:14:50 2026)
ps_session: 1 windows (created Mon Apr  6 20:14:50 2026)
servers_session: 1 windows (created Mon Apr  6 20:14:50 2026)
slab_session: 1 windows (created Mon Apr  6 20:14:50 2026)
sna_session: 1 windows (created Mon Apr  6 20:14:50 2026)
twww_session: 1 windows (created Mon Apr  6 20:14:50 2026)
