[2025-11-06 17:04:30] 🚀 Service Monitor Started
[2025-11-06 17:04:30] 📋 Monitoring services: madladslab acm ps
[2025-11-06 17:04:30] ⏱️  Check interval: 60s
[2025-11-06 17:04:30] ⏳ Down threshold: 180s
[2025-11-06 17:04:30] ⚠️  Service detected down: acm (started monitoring)
[2025-11-06 17:05:30] ⚠️  Service acm down for 60s (threshold: 180s)
[2025-11-06 17:06:30] ⚠️  Service acm down for 120s (threshold: 180s)
[2025-11-06 17:07:30] ⚠️  Service acm down for 180s (threshold: 180s)
[2025-11-06 17:07:30] 🔄 Service acm exceeded down threshold, restarting...
[2025-11-06 17:07:30] ⚡ Starting service: acm
[2025-11-06 17:07:32] ✅ Service started: acm
[2025-11-07 15:53:52] ⚠️  Service detected down: madladslab (started monitoring)
[2025-11-07 15:54:52] ✅ Service recovered: madladslab
[2025-11-08 18:05:17] ⚠️  Service detected down: madladslab (started monitoring)
[2025-11-08 18:06:17] ⚠️  Service madladslab down for 60s (threshold: 180s)
[2025-11-08 18:07:17] ⚠️  Service madladslab down for 120s (threshold: 180s)
[2025-11-08 18:08:17] ⚠️  Service madladslab down for 180s (threshold: 180s)
[2025-11-08 18:08:17] 🔄 Service madladslab exceeded down threshold, restarting...
[2025-11-08 18:08:17] ⚡ Starting service: madladslab
[2025-11-08 18:08:19] ✅ Service started: madladslab
[2025-11-08 19:46:20] ⚠️  Service detected down: madladslab (started monitoring)
[2025-11-08 19:46:20] ⚠️  Service detected down: acm (started monitoring)
[2025-11-08 19:46:20] ⚠️  Service detected down: ps (started monitoring)
[2025-11-08 19:47:20] ✅ Service recovered: madladslab
[2025-11-08 19:47:20] ✅ Service recovered: acm
[2025-11-08 19:47:20] ✅ Service recovered: ps
[2025-11-08 20:06:21] ⚠️  Service detected down: madladslab (started monitoring)
[2025-11-08 20:07:21] ⚠️  Service madladslab down for 60s (threshold: 180s)
[2025-11-08 20:08:21] ⚠️  Service madladslab down for 120s (threshold: 180s)
[2025-11-08 20:09:21] ⚠️  Service madladslab down for 180s (threshold: 180s)
[2025-11-08 20:09:21] 🔄 Service madladslab exceeded down threshold, restarting...
[2025-11-08 20:09:21] ⚡ Starting service: madladslab
[2025-11-08 20:09:23] ✅ Service started: madladslab
[2026-02-04 06:11:59] 🛑 Service Monitor Stopped
[2026-02-04 06:11:59] 🚀 Service Monitor Started
[2026-02-04 06:11:59] 📋 Monitoring services: madladslab acm ps
[2026-02-04 06:11:59] ⏱️  Check interval: 60s
[2026-02-04 06:11:59] ⏳ Down threshold: 180s
[2026-02-10 03:19:13] ⚠️  Service detected down: madladslab (started monitoring)
[2026-02-10 03:20:13] ⚠️  Service madladslab down for 60s (threshold: 180s)
[2026-02-10 03:21:13] ⚠️  Service madladslab down for 120s (threshold: 180s)
[2026-02-10 03:22:13] ⚠️  Service madladslab down for 180s (threshold: 180s)
[2026-02-10 03:22:13] 🔄 Service madladslab exceeded down threshold, restarting...
[2026-02-10 03:22:13] ⚡ Starting service: madladslab
[2026-02-10 03:22:15] ✅ Service started: madladslab
[2026-02-16 22:57:50] ⚠️  Service detected down: acm (started monitoring)
[2026-02-16 22:58:50] ⚠️  Service acm down for 60s (threshold: 180s)
[2026-02-16 22:59:50] ⚠️  Service acm down for 120s (threshold: 180s)
[2026-02-16 23:00:50] ⚠️  Service acm down for 180s (threshold: 180s)
[2026-02-16 23:00:50] 🔄 Service acm exceeded down threshold, restarting...
[2026-02-16 23:00:50] ⚡ Starting service: acm
[2026-02-16 23:00:52] ✅ Service started: acm
[2026-02-17 02:17:55] ⚠️  Service detected down: madladslab (started monitoring)
[2026-02-17 02:18:56] ✅ Service recovered: madladslab
[2026-02-20 00:46:45] 🛑 Service Monitor Stopped
[2026-02-20 00:47:39] 🚀 Service Monitor Started
[2026-02-20 00:47:39] 📋 Monitoring services: madladslab acm ps
[2026-02-20 00:47:39] ⏱️  Check interval: 60s
[2026-02-20 00:47:39] ⏳ Down threshold: 180s
[2026-02-20 00:47:39] ⚠️  Service detected down: madladslab (started monitoring)
[2026-02-20 00:47:39] ⚠️  Service detected down: acm (started monitoring)
[2026-02-20 00:47:39] ⚠️  Service detected down: ps (started monitoring)
[2026-02-20 00:48:39] ⚠️  Service madladslab down for 60s (threshold: 180s)
[2026-02-20 00:48:39] ⚠️  Service acm down for 60s (threshold: 180s)
[2026-02-20 00:48:39] ⚠️  Service ps down for 60s (threshold: 180s)
[2026-02-20 00:49:39] ⚠️  Service madladslab down for 120s (threshold: 180s)
[2026-02-20 00:49:39] ⚠️  Service acm down for 120s (threshold: 180s)
[2026-02-20 00:49:39] ⚠️  Service ps down for 120s (threshold: 180s)
[2026-02-20 00:50:39] ⚠️  Service madladslab down for 180s (threshold: 180s)
[2026-02-20 00:50:39] 🔄 Service madladslab exceeded down threshold, restarting...
[2026-02-20 00:50:39] ⚡ Starting service: madladslab
[2026-02-20 00:50:41] ✅ Service started: madladslab
[2026-02-20 00:50:41] ⚠️  Service acm down for 182s (threshold: 180s)
[2026-02-20 00:50:41] 🔄 Service acm exceeded down threshold, restarting...
[2026-02-20 00:50:41] ⚡ Starting service: acm
[2026-02-20 00:50:43] ✅ Service started: acm
[2026-02-20 00:50:43] ⚠️  Service ps down for 184s (threshold: 180s)
[2026-02-20 00:50:43] 🔄 Service ps exceeded down threshold, restarting...
[2026-02-20 00:50:43] ⚡ Starting service: ps
[2026-02-20 00:50:45] ✅ Service started: ps
[2026-02-21 19:04:24] ⚠️  Service detected down: madladslab (started monitoring)
[2026-02-21 19:05:24] ⚠️  Service madladslab down for 60s (threshold: 180s)
[2026-02-21 19:06:24] ⚠️  Service madladslab down for 120s (threshold: 180s)
[2026-02-21 19:07:24] ⚠️  Service madladslab down for 180s (threshold: 180s)
[2026-02-21 19:07:24] 🔄 Service madladslab exceeded down threshold, restarting...
[2026-02-21 19:07:24] ⚡ Starting service: madladslab
[2026-02-21 19:07:26] ✅ Service started: madladslab
[2026-02-21 20:08:27] ⚠️  Service detected down: madladslab (started monitoring)
[2026-02-21 20:09:27] ⚠️  Service madladslab down for 60s (threshold: 180s)
[2026-02-21 20:10:27] ⚠️  Service madladslab down for 120s (threshold: 180s)
[2026-02-21 20:11:27] ⚠️  Service madladslab down for 180s (threshold: 180s)
[2026-02-21 20:11:27] 🔄 Service madladslab exceeded down threshold, restarting...
[2026-02-21 20:11:27] ⚡ Starting service: madladslab
[2026-02-21 20:11:29] ✅ Service started: madladslab
[2026-02-21 20:34:17] 🛑 Service Monitor Stopped
[2026-02-21 20:35:20] 🚀 Service Monitor Started
[2026-02-21 20:35:20] 📋 Monitoring services: madladslab acm ps
[2026-02-21 20:35:20] ⏱️  Check interval: 60s
[2026-02-21 20:35:20] ⏳ Down threshold: 180s
[2026-02-21 20:35:20] ⚠️  Service detected down: madladslab (started monitoring)
[2026-02-21 20:35:20] ⚠️  Service detected down: acm (started monitoring)
[2026-02-21 20:35:20] ⚠️  Service detected down: ps (started monitoring)
[2026-02-21 20:36:21] ⚠️  Service madladslab down for 61s (threshold: 180s)
[2026-02-21 20:36:21] ⚠️  Service acm down for 61s (threshold: 180s)
[2026-02-21 20:36:21] ⚠️  Service ps down for 61s (threshold: 180s)
[2026-02-21 20:37:21] ⚠️  Service madladslab down for 121s (threshold: 180s)
[2026-02-21 20:37:21] ⚠️  Service acm down for 121s (threshold: 180s)
[2026-02-21 20:37:21] ⚠️  Service ps down for 121s (threshold: 180s)
[2026-02-21 20:38:21] ⚠️  Service madladslab down for 181s (threshold: 180s)
[2026-02-21 20:38:21] 🔄 Service madladslab exceeded down threshold, restarting...
[2026-02-21 20:38:21] ⚡ Starting service: madladslab
[2026-02-21 20:38:23] ✅ Service started: madladslab
[2026-02-21 20:38:23] ⚠️  Service acm down for 183s (threshold: 180s)
[2026-02-21 20:38:23] 🔄 Service acm exceeded down threshold, restarting...
[2026-02-21 20:38:23] ⚡ Starting service: acm
[2026-02-21 20:38:25] ✅ Service started: acm
[2026-02-21 20:38:25] ⚠️  Service ps down for 185s (threshold: 180s)
[2026-02-21 20:38:25] 🔄 Service ps exceeded down threshold, restarting...
[2026-02-21 20:38:25] ⚡ Starting service: ps
[2026-02-21 20:38:27] ✅ Service started: ps
[2026-02-21 20:45:03] 🛑 Service Monitor Stopped
[2026-02-21 20:45:52] 🚀 Service Monitor Started
[2026-02-21 20:45:52] 📋 Monitoring services: madladslab acm ps
[2026-02-21 20:45:52] ⏱️  Check interval: 60s
[2026-02-21 20:45:52] ⏳ Down threshold: 180s
[2026-02-21 20:45:52] ⚠️  Service detected down: madladslab (started monitoring)
[2026-02-21 20:45:52] ⚠️  Service detected down: acm (started monitoring)
[2026-02-21 20:45:52] ⚠️  Service detected down: ps (started monitoring)
[2026-02-21 20:46:53] ⚠️  Service madladslab down for 61s (threshold: 180s)
[2026-02-21 20:46:53] ⚠️  Service acm down for 61s (threshold: 180s)
[2026-02-21 20:46:53] ⚠️  Service ps down for 61s (threshold: 180s)
[2026-02-21 20:47:53] ⚠️  Service madladslab down for 121s (threshold: 180s)
[2026-02-21 20:47:53] ⚠️  Service acm down for 121s (threshold: 180s)
[2026-02-21 20:47:53] ⚠️  Service ps down for 121s (threshold: 180s)
[2026-02-21 20:48:53] ⚠️  Service madladslab down for 181s (threshold: 180s)
[2026-02-21 20:48:53] 🔄 Service madladslab exceeded down threshold, restarting...
[2026-02-21 20:48:53] ⚡ Starting service: madladslab
[2026-02-21 20:48:55] ✅ Service started: madladslab
[2026-02-21 20:48:55] ⚠️  Service acm down for 183s (threshold: 180s)
[2026-02-21 20:48:55] 🔄 Service acm exceeded down threshold, restarting...
[2026-02-21 20:48:55] ⚡ Starting service: acm
[2026-02-21 20:48:57] ✅ Service started: acm
[2026-02-21 20:48:57] ⚠️  Service ps down for 185s (threshold: 180s)
[2026-02-21 20:48:57] 🔄 Service ps exceeded down threshold, restarting...
[2026-02-21 20:48:57] ⚡ Starting service: ps
[2026-02-21 20:49:00] ✅ Service started: ps
[2026-02-21 20:53:37] 🛑 Service Monitor Stopped
[2026-02-21 20:53:37] 🚀 Service Monitor Started
[2026-02-21 20:53:37] 📋 Monitoring services: madladslab acm ps
[2026-02-21 20:53:37] ⏱️  Check interval: 60s
[2026-02-21 20:53:37] ⏳ Down threshold: 180s
[2026-02-21 20:53:37] ⚠️  Service detected down: madladslab (started monitoring)
[2026-02-21 20:53:37] ⚠️  Service detected down: acm (started monitoring)
[2026-02-21 20:53:37] ⚠️  Service detected down: ps (started monitoring)
[2026-02-21 20:54:37] ⚠️  Service madladslab down for 60s (threshold: 180s)
[2026-02-21 20:54:37] ⚠️  Service acm down for 60s (threshold: 180s)
[2026-02-21 20:54:37] ⚠️  Service ps down for 60s (threshold: 180s)
[2026-02-21 20:55:37] ⚠️  Service madladslab down for 120s (threshold: 180s)
[2026-02-21 20:55:37] ⚠️  Service acm down for 120s (threshold: 180s)
[2026-02-21 20:55:37] ⚠️  Service ps down for 120s (threshold: 180s)
[2026-02-21 20:56:37] ✅ Service recovered: madladslab
[2026-02-21 20:56:37] ✅ Service recovered: acm
[2026-02-21 20:56:37] ✅ Service recovered: ps
[2026-02-21 20:58:37] ⚠️  Service detected down: madladslab (started monitoring)
[2026-02-21 20:59:37] ⚠️  Service madladslab down for 60s (threshold: 180s)
[2026-02-21 21:00:37] ⚠️  Service madladslab down for 120s (threshold: 180s)
[2026-02-21 21:01:37] ⚠️  Service madladslab down for 180s (threshold: 180s)
[2026-02-21 21:01:37] 🔄 Service madladslab exceeded down threshold, restarting...
[2026-02-21 21:01:37] ⚡ Starting service: madladslab
[2026-02-21 21:01:39] ✅ Service started: madladslab
[2026-02-24 18:35:29] 🛑 Service Monitor Stopped
[2026-02-24 18:36:50] 🚀 Service Monitor Started
[2026-02-24 18:36:50] 📋 Monitoring services: madladslab acm ps
[2026-02-24 18:36:50] ⏱️  Check interval: 60s
[2026-02-24 18:36:50] ⏳ Down threshold: 180s
[2026-02-24 18:36:50] ⚠️  Service detected down: madladslab (started monitoring)
[2026-02-24 18:36:50] ⚠️  Service detected down: acm (started monitoring)
[2026-02-24 18:36:50] ⚠️  Service detected down: ps (started monitoring)
[2026-02-24 18:37:50] ✅ Service recovered: madladslab
[2026-02-24 18:37:50] ✅ Service recovered: acm
[2026-02-24 18:37:50] ✅ Service recovered: ps
[2026-02-24 19:29:05] 🛑 Service Monitor Stopped
[2026-02-24 19:30:09] 🚀 Service Monitor Started
[2026-02-24 19:30:09] 📋 Monitoring services: madladslab acm ps
[2026-02-24 19:30:09] ⏱️  Check interval: 60s
[2026-02-24 19:30:09] ⏳ Down threshold: 180s
[2026-02-24 19:30:09] ⚠️  Service detected down: madladslab (started monitoring)
[2026-02-24 19:30:09] ⚠️  Service detected down: acm (started monitoring)
[2026-02-24 19:30:09] ⚠️  Service detected down: ps (started monitoring)
[2026-02-24 19:31:10] ⚠️  Service madladslab down for 61s (threshold: 180s)
[2026-02-24 19:31:10] ⚠️  Service acm down for 61s (threshold: 180s)
[2026-02-24 19:31:10] ⚠️  Service ps down for 61s (threshold: 180s)
[2026-02-24 19:32:10] ✅ Service recovered: madladslab
[2026-02-24 19:32:10] ✅ Service recovered: acm
[2026-02-24 19:32:10] ✅ Service recovered: ps
[2026-02-25 16:26:13] 🛑 Service Monitor Stopped
[2026-02-25 16:27:32] 🚀 Service Monitor Started
[2026-02-25 16:27:32] 📋 Monitoring services: madladslab acm ps
[2026-02-25 16:27:32] ⏱️  Check interval: 60s
[2026-02-25 16:27:32] ⏳ Down threshold: 180s
[2026-02-25 16:27:32] ⚠️  Service detected down: madladslab (started monitoring)
[2026-02-25 16:27:32] ⚠️  Service detected down: acm (started monitoring)
[2026-02-25 16:27:32] ⚠️  Service detected down: ps (started monitoring)
[2026-02-25 16:28:32] ✅ Service recovered: madladslab
[2026-02-25 16:28:32] ✅ Service recovered: acm
[2026-02-25 16:28:32] ✅ Service recovered: ps
[2026-02-25 21:17:37] 🛑 Service Monitor Stopped
[2026-02-25 21:18:35] 🚀 Service Monitor Started
[2026-02-25 21:18:35] 📋 Monitoring services: madladslab acm ps
[2026-02-25 21:18:35] ⏱️  Check interval: 60s
[2026-02-25 21:18:35] ⏳ Down threshold: 180s
[2026-02-25 21:18:35] ⚠️  Service detected down: madladslab (started monitoring)
[2026-02-25 21:18:35] ⚠️  Service detected down: acm (started monitoring)
[2026-02-25 21:18:35] ⚠️  Service detected down: ps (started monitoring)
[2026-02-25 21:19:36] ⚠️  Service madladslab down for 61s (threshold: 180s)
[2026-02-25 21:19:36] ⚠️  Service acm down for 61s (threshold: 180s)
[2026-02-25 21:19:36] ⚠️  Service ps down for 61s (threshold: 180s)
[2026-02-25 21:20:36] ✅ Service recovered: madladslab
[2026-02-25 21:20:36] ✅ Service recovered: acm
[2026-02-25 21:20:36] ✅ Service recovered: ps
[2026-02-27 19:49:50] 🛑 Service Monitor Stopped
[2026-02-27 19:50:41] 🚀 Service Monitor Started
[2026-02-27 19:50:41] 📋 Monitoring services: madladslab acm ps
[2026-02-27 19:50:41] ⏱️  Check interval: 60s
[2026-02-27 19:50:41] ⏳ Down threshold: 180s
[2026-02-27 19:50:41] ⚠️  Service detected down: madladslab (started monitoring)
[2026-02-27 19:50:41] ⚠️  Service detected down: acm (started monitoring)
[2026-02-27 19:50:41] ⚠️  Service detected down: ps (started monitoring)
[2026-02-27 19:51:41] ✅ Service recovered: madladslab
[2026-02-27 19:51:41] ✅ Service recovered: acm
[2026-02-27 19:51:41] ✅ Service recovered: ps
[2026-02-27 21:56:43] ⚠️  Service detected down: madladslab (started monitoring)
[2026-02-27 21:57:43] ⚠️  Service madladslab down for 60s (threshold: 180s)
[2026-02-27 21:58:43] ⚠️  Service madladslab down for 120s (threshold: 180s)
[2026-02-27 21:59:43] ⚠️  Service madladslab down for 180s (threshold: 180s)
[2026-02-27 21:59:43] 🔄 Service madladslab exceeded down threshold, restarting...
[2026-02-27 21:59:43] ⚡ Starting service: madladslab
[2026-02-27 21:59:45] ✅ Service started: madladslab
[2026-02-27 22:10:45] ⚠️  Service detected down: madladslab (started monitoring)
[2026-02-27 22:11:45] ⚠️  Service madladslab down for 60s (threshold: 180s)
[2026-02-27 22:12:45] ✅ Service recovered: madladslab
[2026-03-05 05:10:04] 🛑 Service Monitor Stopped
[2026-03-05 05:11:18] 🚀 Service Monitor Started
[2026-03-05 05:11:18] 📋 Monitoring services: madladslab acm ps
[2026-03-05 05:11:18] ⏱️  Check interval: 60s
[2026-03-05 05:11:18] ⏳ Down threshold: 180s
[2026-03-05 05:11:18] ⚠️  Service detected down: madladslab (started monitoring)
[2026-03-05 05:11:18] ⚠️  Service detected down: acm (started monitoring)
[2026-03-05 05:11:18] ⚠️  Service detected down: ps (started monitoring)
[2026-03-05 05:12:19] ✅ Service recovered: madladslab
[2026-03-05 05:12:19] ✅ Service recovered: acm
[2026-03-05 05:12:19] ✅ Service recovered: ps
[2026-03-06 17:34:55] ⚠️  Service detected down: madladslab (started monitoring)
[2026-03-06 17:35:55] ⚠️  Service madladslab down for 60s (threshold: 180s)
[2026-03-06 17:36:55] ⚠️  Service madladslab down for 120s (threshold: 180s)
[2026-03-06 17:37:55] ⚠️  Service madladslab down for 180s (threshold: 180s)
[2026-03-06 17:37:55] 🔄 Service madladslab exceeded down threshold, restarting...
[2026-03-06 17:37:55] ⚡ Starting service: madladslab
[2026-03-06 17:37:57] ✅ Service started: madladslab
[2026-03-06 18:14:58] ⚠️  Service detected down: madladslab (started monitoring)
[2026-03-06 18:15:58] ⚠️  Service madladslab down for 60s (threshold: 180s)
[2026-03-06 18:16:58] ⚠️  Service madladslab down for 120s (threshold: 180s)
[2026-03-06 18:17:58] ⚠️  Service madladslab down for 180s (threshold: 180s)
[2026-03-06 18:17:58] 🔄 Service madladslab exceeded down threshold, restarting...
[2026-03-06 18:17:58] ⚡ Starting service: madladslab
[2026-03-06 18:18:00] ✅ Service started: madladslab
[2026-03-06 18:24:00] ⚠️  Service detected down: madladslab (started monitoring)
[2026-03-06 18:24:00] ⚠️  Service detected down: acm (started monitoring)
[2026-03-06 18:24:00] ⚠️  Service detected down: ps (started monitoring)
[2026-03-06 18:25:00] ⚠️  Service madladslab down for 60s (threshold: 180s)
[2026-03-06 18:25:00] ⚠️  Service acm down for 60s (threshold: 180s)
[2026-03-06 18:25:00] ⚠️  Service ps down for 60s (threshold: 180s)
[2026-03-06 18:26:00] ⚠️  Service madladslab down for 120s (threshold: 180s)
[2026-03-06 18:26:00] ⚠️  Service acm down for 120s (threshold: 180s)
[2026-03-06 18:26:00] ⚠️  Service ps down for 120s (threshold: 180s)
[2026-03-06 18:27:00] ⚠️  Service madladslab down for 180s (threshold: 180s)
[2026-03-06 18:27:00] 🔄 Service madladslab exceeded down threshold, restarting...
[2026-03-06 18:27:00] ⚡ Starting service: madladslab
[2026-03-06 18:27:02] ✅ Service started: madladslab
[2026-03-06 18:27:02] ⚠️  Service acm down for 182s (threshold: 180s)
[2026-03-06 18:27:02] 🔄 Service acm exceeded down threshold, restarting...
[2026-03-06 18:27:02] ⚡ Starting service: acm
[2026-03-06 18:27:04] ✅ Service started: acm
[2026-03-06 18:27:04] ⚠️  Service ps down for 184s (threshold: 180s)
[2026-03-06 18:27:04] 🔄 Service ps exceeded down threshold, restarting...
[2026-03-06 18:27:04] ⚡ Starting service: ps
[2026-03-06 18:27:06] ✅ Service started: ps
[2026-03-07 17:33:30] ⚠️  Service detected down: madladslab (started monitoring)
[2026-03-07 17:34:30] ⚠️  Service madladslab down for 61s (threshold: 180s)
[2026-03-07 17:35:30] ⚠️  Service madladslab down for 121s (threshold: 180s)
[2026-03-07 17:36:30] ⚠️  Service madladslab down for 181s (threshold: 180s)
[2026-03-07 17:36:30] 🔄 Service madladslab exceeded down threshold, restarting...
[2026-03-07 17:36:30] ⚡ Starting service: madladslab
[2026-03-07 17:36:32] ✅ Service started: madladslab
[2026-03-08 07:12:44] ⚠️  Service detected down: madladslab (started monitoring)
[2026-03-08 07:13:44] ✅ Service recovered: madladslab
[2026-03-08 07:52:45] ⚠️  Service detected down: acm (started monitoring)
[2026-03-08 07:52:45] ⚠️  Service detected down: ps (started monitoring)
[2026-03-08 07:53:45] ⚠️  Service acm down for 60s (threshold: 180s)
[2026-03-08 07:53:45] ⚠️  Service ps down for 60s (threshold: 180s)
[2026-03-08 07:54:45] ⚠️  Service acm down for 120s (threshold: 180s)
[2026-03-08 07:54:45] ⚠️  Service ps down for 120s (threshold: 180s)
[2026-03-08 07:55:45] ⚠️  Service acm down for 180s (threshold: 180s)
[2026-03-08 07:55:45] 🔄 Service acm exceeded down threshold, restarting...
[2026-03-08 07:55:45] ⚡ Starting service: acm
[2026-03-08 07:55:47] ✅ Service started: acm
[2026-03-08 07:55:47] ⚠️  Service ps down for 182s (threshold: 180s)
[2026-03-08 07:55:47] 🔄 Service ps exceeded down threshold, restarting...
[2026-03-08 07:55:47] ⚡ Starting service: ps
[2026-03-08 07:55:49] ✅ Service started: ps
[2026-03-13 21:37:25] ⚠️  Service detected down: acm (started monitoring)
[2026-03-13 21:38:25] ⚠️  Service acm down for 60s (threshold: 180s)
[2026-03-13 21:39:25] ⚠️  Service acm down for 120s (threshold: 180s)
[2026-03-13 21:40:25] ⚠️  Service acm down for 180s (threshold: 180s)
[2026-03-13 21:40:25] 🔄 Service acm exceeded down threshold, restarting...
[2026-03-13 21:40:25] ⚡ Starting service: acm
[2026-03-13 21:40:27] ✅ Service started: acm
[2026-03-13 21:48:28] ⚠️  Service detected down: acm (started monitoring)
[2026-03-13 21:49:28] ✅ Service recovered: acm
[2026-03-20 21:28:15] ⚠️  Service detected down: madladslab (started monitoring)
[2026-03-20 21:28:15] ⚠️  Service detected down: acm (started monitoring)
[2026-03-20 21:28:15] ⚠️  Service detected down: ps (started monitoring)
[2026-03-20 21:29:15] ⚠️  Service madladslab down for 60s (threshold: 180s)
[2026-03-20 21:29:15] ⚠️  Service acm down for 60s (threshold: 180s)
[2026-03-20 21:29:15] ⚠️  Service ps down for 60s (threshold: 180s)
[2026-03-20 21:30:15] ⚠️  Service madladslab down for 120s (threshold: 180s)
[2026-03-20 21:30:15] ⚠️  Service acm down for 120s (threshold: 180s)
[2026-03-20 21:30:15] ⚠️  Service ps down for 120s (threshold: 180s)
[2026-03-20 21:31:15] ⚠️  Service madladslab down for 180s (threshold: 180s)
[2026-03-20 21:31:15] 🔄 Service madladslab exceeded down threshold, restarting...
[2026-03-20 21:31:15] ⚡ Starting service: madladslab
[2026-03-20 21:31:17] ✅ Service started: madladslab
[2026-03-20 21:31:17] ⚠️  Service acm down for 182s (threshold: 180s)
[2026-03-20 21:31:17] 🔄 Service acm exceeded down threshold, restarting...
[2026-03-20 21:31:17] ⚡ Starting service: acm
[2026-03-20 21:31:19] ✅ Service started: acm
[2026-03-20 21:31:19] ⚠️  Service ps down for 184s (threshold: 180s)
[2026-03-20 21:31:19] 🔄 Service ps exceeded down threshold, restarting...
[2026-03-20 21:31:19] ⚡ Starting service: ps
[2026-03-20 21:31:21] ✅ Service started: ps
[2026-03-20 21:44:16] 🛑 Service Monitor Stopped
[2026-03-20 21:44:27] 🚀 Service Monitor Started
[2026-03-20 21:44:27] 📋 Monitoring services: madladslab acm ps
[2026-03-20 21:44:27] ⏱️  Check interval: 60s
[2026-03-20 21:44:27] ⏳ Down threshold: 180s
[2026-03-20 21:44:27] ⚠️  Service detected down: madladslab (started monitoring)
[2026-03-20 21:44:27] ⚠️  Service detected down: acm (started monitoring)
[2026-03-20 21:44:27] ⚠️  Service detected down: ps (started monitoring)
[2026-03-20 21:45:27] ⚠️  Service madladslab down for 60s (threshold: 180s)
[2026-03-20 21:45:27] ⚠️  Service acm down for 60s (threshold: 180s)
[2026-03-20 21:45:27] ⚠️  Service ps down for 60s (threshold: 180s)
[2026-03-20 21:46:27] ⚠️  Service madladslab down for 120s (threshold: 180s)
[2026-03-20 21:46:27] ⚠️  Service acm down for 120s (threshold: 180s)
[2026-03-20 21:46:27] ⚠️  Service ps down for 120s (threshold: 180s)
[2026-03-20 21:47:27] ⚠️  Service madladslab down for 180s (threshold: 180s)
[2026-03-20 21:47:27] 🔄 Service madladslab exceeded down threshold, restarting...
[2026-03-20 21:47:27] ⚡ Starting service: madladslab
[2026-03-20 21:47:29] ✅ Service started: madladslab
[2026-03-20 21:47:29] ⚠️  Service acm down for 182s (threshold: 180s)
[2026-03-20 21:47:29] 🔄 Service acm exceeded down threshold, restarting...
[2026-03-20 21:47:29] ⚡ Starting service: acm
[2026-03-20 21:47:31] ✅ Service started: acm
[2026-03-20 21:47:31] ⚠️  Service ps down for 184s (threshold: 180s)
[2026-03-20 21:47:31] 🔄 Service ps exceeded down threshold, restarting...
[2026-03-20 21:47:31] ⚡ Starting service: ps
[2026-03-20 21:47:33] ✅ Service started: ps
[2026-03-23 16:54:38] ⚠️  Service detected down: madladslab (started monitoring)
[2026-03-23 16:55:38] ✅ Service recovered: madladslab
[2026-03-25 19:07:27] ⚠️  Service detected down: acm (started monitoring)
[2026-03-25 19:08:28] ✅ Service recovered: acm
[2026-03-28 20:01:19] 🛑 Service Monitor Stopped
[2026-03-28 20:02:18] 🚀 Service Monitor Started
[2026-03-28 20:02:18] 📋 Monitoring services: madladslab acm ps
[2026-03-28 20:02:18] ⏱️  Check interval: 60s
[2026-03-28 20:02:18] ⏳ Down threshold: 180s
[2026-03-28 20:02:18] ⚠️  Service detected down: madladslab (started monitoring)
[2026-03-28 20:02:18] ⚠️  Service detected down: acm (started monitoring)
[2026-03-28 20:02:18] ⚠️  Service detected down: ps (started monitoring)
[2026-03-28 20:03:18] ✅ Service recovered: madladslab
[2026-03-28 20:03:18] ✅ Service recovered: acm
[2026-03-28 20:03:18] ✅ Service recovered: ps
