[2026-03-23 15:53:35] ── watchdog run ──────────────────────────────
[2026-03-23 15:53:36]   ✅ madladslab (port 3000)
[2026-03-23 15:53:36]   ✅ bih (port 3055)
[2026-03-23 15:53:36]   ✅ ps (port 3399)
[2026-03-23 15:53:36]   ✅ game-state-service (port 3500)
[2026-03-23 15:53:36]   ⚠️  servers (port 3600) — DOWN, restarting...
[2026-03-23 15:53:39]   ↳ ❌ failed to start: servers
[2026-03-23 15:53:39]   ✅ acm (port 3004)
[2026-03-23 15:53:39]   ⚠️  sna (port 3010) — DOWN, restarting...
[2026-03-23 15:53:42]   ↳ ✅ started: sna
[2026-03-23 15:53:42]   ⚠️  twww (port 3008) — DOWN, restarting...
[2026-03-23 15:53:45]   ↳ ✅ started: twww
[2026-03-23 15:53:45]   ⚠️  madThree (port 3002) — DOWN, restarting...
[2026-03-23 15:53:48]   ↳ ✅ started: madThree
[2026-03-23 15:53:48]   ⚠️  graffiti-tv (port 3001) — DOWN, restarting...
[2026-03-23 15:53:51]   ↳ ❌ failed to start: graffiti-tv
[2026-03-23 15:53:51]   ⚠️  nocometalworkz (port 3003) — DOWN, restarting...
[2026-03-23 15:53:54]   ↳ ❌ failed to start: nocometalworkz
[2026-03-23 15:53:54]   ⚠️  greealitytv (port 3400) — DOWN, restarting...
[2026-03-23 15:53:57]   ↳ ✅ started: greealitytv
[2026-03-23 15:53:57]   ⚠️  sfg (port 3005) — DOWN, restarting...
[2026-03-23 15:54:00]   ↳ ✅ started: sfg
[2026-03-23 15:54:00] ── done ──────────────────────────────────────
[2026-03-23 15:55:01] ── watchdog run ──────────────────────────────
[2026-03-23 15:55:01]   ✅ madladslab (port 3000)
[2026-03-23 15:55:01]   ✅ bih (port 3055)
[2026-03-23 15:55:02]   ✅ ps (port 3399)
[2026-03-23 15:55:02]   ✅ game-state-service (port 3500)
[2026-03-23 15:55:02]   ⚠️  servers (port 3600) — DOWN, restarting...
[2026-03-23 15:55:05]   ↳ ❌ failed to start: servers
[2026-03-23 15:55:05]   ✅ acm (port 3004)
[2026-03-23 15:55:05]   ✅ sna (port 3010)
[2026-03-23 15:55:05]   ✅ twww (port 3008)
[2026-03-23 15:55:05]   ✅ madThree (port 3002)
[2026-03-23 15:55:05]   ⚠️  graffiti-tv (port 3001) — DOWN, restarting...
[2026-03-23 15:55:08]   ↳ ❌ failed to start: graffiti-tv
[2026-03-23 15:55:09]   ✅ nocometalworkz (port 3003)
[2026-03-23 15:55:09]   ✅ greealitytv (port 3400)
[2026-03-23 15:55:09]   ⚠️  sfg (port 3005) — DOWN, restarting...
[2026-03-23 15:55:09]   ↳ killing stale session: sfg
[2026-03-23 15:55:13]   ↳ ✅ started: sfg
[2026-03-23 15:55:13] ── done ──────────────────────────────────────
[2026-03-23 15:55:16] ── watchdog run ──────────────────────────────
[2026-03-23 15:55:16]   ✅ madladslab (port 3000)
[2026-03-23 15:55:16]   ✅ bih (port 3055)
[2026-03-23 15:55:16]   ✅ ps (port 3399)
[2026-03-23 15:55:16]   ✅ game-state-service (port 3500)
[2026-03-23 15:55:16]   ⚠️  servers (port 3600) — DOWN, restarting...
[2026-03-23 15:55:19]   ↳ ✅ started: servers
[2026-03-23 15:55:19]   ✅ acm (port 3004)
[2026-03-23 15:55:20]   ✅ sna (port 3010)
[2026-03-23 15:55:20]   ✅ twww (port 3008)
[2026-03-23 15:55:20]   ✅ madThree (port 3002)
[2026-03-23 15:55:20]   ⚠️  graffiti-tv (port 3001) — DOWN, restarting...
[2026-03-23 15:55:23]   ↳ ✅ started: graffiti-tv
[2026-03-23 15:55:23]   ✅ nocometalworkz (port 3003)
[2026-03-23 15:55:23]   ✅ greealitytv (port 3400)
[2026-03-23 15:55:23]   ⚠️  sfg (port 3005) — DOWN, restarting...
[2026-03-23 15:55:23]   ↳ killing stale session: sfg
[2026-03-23 15:55:27]   ↳ ✅ started: sfg
[2026-03-23 15:55:27] ── done ──────────────────────────────────────
[2026-03-23 16:00:01] ── watchdog run ──────────────────────────────
jq: parse error: Expected another array element at line 14, column 1
[2026-03-23 16:00:01] ── done ──────────────────────────────────────
[2026-03-23 16:03:37] ── watchdog run ──────────────────────────────
[2026-03-23 16:03:37]   ✅ madladslab (port 3000)
[2026-03-23 16:03:37]   ✅ bih (port 3055)
[2026-03-23 16:03:37]   ✅ ps (port 3399)
[2026-03-23 16:03:37]   ✅ game-state-service (port 3500)
[2026-03-23 16:03:37]   ✅ servers (port 3600)
[2026-03-23 16:03:37]   ✅ acm (port 3004)
[2026-03-23 16:03:38]   ✅ sna (port 3010)
[2026-03-23 16:03:38]   ✅ twww (port 3008)
[2026-03-23 16:03:38]   ⚠️  madThree (port 3007) — DOWN, restarting...
[2026-03-23 16:03:41]   ↳ ✅ started: madThree
[2026-03-23 16:03:41]   ✅ graffiti-tv (port 3001)
[2026-03-23 16:03:41]   ⚠️  nocometalworkz (port 3003) — DOWN, restarting...
[2026-03-23 16:03:44]   ↳ ✅ started: nocometalworkz
[2026-03-23 16:03:45]   ✅ greealitytv (port 3400)
[2026-03-23 16:03:45]   ✅ w2Marketing (port 3601)
[2026-03-23 16:03:45] ── done ──────────────────────────────────────
[2026-03-23 16:05:01] ── watchdog run ──────────────────────────────
[2026-03-23 16:05:01]   ✅ madladslab (port 3000)
[2026-03-23 16:05:01]   ✅ bih (port 3055)
[2026-03-23 16:05:01]   ✅ ps (port 3399)
[2026-03-23 16:05:01]   ✅ game-state-service (port 3500)
[2026-03-23 16:05:01]   ✅ servers (port 3600)
[2026-03-23 16:05:01]   ✅ acm (port 3004)
[2026-03-23 16:05:02]   ✅ sna (port 3010)
[2026-03-23 16:05:02]   ✅ twww (port 3008)
[2026-03-23 16:05:02]   ✅ madThree (port 3007)
[2026-03-23 16:05:02]   ✅ graffiti-tv (port 3001)
[2026-03-23 16:05:02]   ⚠️  nocometalworkz (port 3003) — DOWN, restarting...
[2026-03-23 16:05:02]   ↳ killing stale session: nocometalworkz
[2026-03-23 16:05:06]   ↳ ✅ started: nocometalworkz
[2026-03-23 16:05:07]   ✅ greealitytv (port 3400)
[2026-03-23 16:05:07]   ✅ w2Marketing (port 3601)
[2026-03-23 16:05:07] ── done ──────────────────────────────────────
[2026-03-23 16:10:01] ── watchdog run ──────────────────────────────
[2026-03-23 16:10:01]   ✅ madladslab (port 3000)
[2026-03-23 16:10:01]   ✅ bih (port 3055)
[2026-03-23 16:10:01]   ✅ ps (port 3399)
[2026-03-23 16:10:01]   ✅ game-state-service (port 3500)
[2026-03-23 16:10:01]   ✅ servers (port 3600)
[2026-03-23 16:10:01]   ✅ acm (port 3004)
[2026-03-23 16:10:02]   ✅ sna (port 3010)
[2026-03-23 16:10:02]   ✅ twww (port 3008)
[2026-03-23 16:10:02]   ✅ madThree (port 3007)
[2026-03-23 16:10:02]   ✅ graffiti-tv (port 3001)
[2026-03-23 16:10:02]   ⚠️  nocometalworkz (port 3003) — DOWN, restarting...
[2026-03-23 16:10:02]   ↳ killing stale session: nocometalworkz
[2026-03-23 16:10:06]   ↳ ✅ started: nocometalworkz
[2026-03-23 16:10:07]   ✅ greealitytv (port 3400)
[2026-03-23 16:10:07]   ✅ w2Marketing (port 3601)
[2026-03-23 16:10:07] ── done ──────────────────────────────────────
[2026-03-23 16:15:01] ── watchdog run ──────────────────────────────
[2026-03-23 16:15:01]   ✅ madladslab (port 3000)
[2026-03-23 16:15:01]   ✅ bih (port 3055)
[2026-03-23 16:15:01]   ✅ ps (port 3399)
[2026-03-23 16:15:01]   ✅ game-state-service (port 3500)
[2026-03-23 16:15:01]   ✅ servers (port 3600)
[2026-03-23 16:15:01]   ✅ acm (port 3004)
[2026-03-23 16:15:03]   ✅ sna (port 3010)
[2026-03-23 16:15:03]   ✅ twww (port 3008)
[2026-03-23 16:15:03]   ✅ madThree (port 3007)
[2026-03-23 16:15:03]   ✅ graffiti-tv (port 3001)
[2026-03-23 16:15:03]   ⚠️  nocometalworkz (port 3003) — DOWN, restarting...
[2026-03-23 16:15:03]   ↳ killing stale session: nocometalworkz
[2026-03-23 16:15:07]   ↳ ✅ started: nocometalworkz
[2026-03-23 16:15:07]   ✅ greealitytv (port 3400)
[2026-03-23 16:15:07]   ✅ w2Marketing (port 3601)
[2026-03-23 16:15:07] ── done ──────────────────────────────────────
[2026-03-23 16:20:01] ── watchdog run ──────────────────────────────
[2026-03-23 16:20:01]   ✅ madladslab (port 3000)
[2026-03-23 16:20:01]   ✅ bih (port 3055)
[2026-03-23 16:20:01]   ✅ ps (port 3399)
[2026-03-23 16:20:01]   ✅ game-state-service (port 3500)
[2026-03-23 16:20:01]   ✅ servers (port 3600)
[2026-03-23 16:20:01]   ✅ acm (port 3004)
[2026-03-23 16:20:03]   ✅ sna (port 3010)
[2026-03-23 16:20:03]   ✅ twww (port 3008)
[2026-03-23 16:20:03]   ✅ madThree (port 3007)
[2026-03-23 16:20:03]   ✅ graffiti-tv (port 3001)
[2026-03-23 16:20:03]   ⚠️  nocometalworkz (port 3003) — DOWN, restarting...
[2026-03-23 16:20:03]   ↳ killing stale session: nocometalworkz
[2026-03-23 16:20:07]   ↳ ✅ started: nocometalworkz
[2026-03-23 16:20:07]   ✅ greealitytv (port 3400)
[2026-03-23 16:20:07]   ✅ w2Marketing (port 3601)
[2026-03-23 16:20:07] ── done ──────────────────────────────────────
[2026-03-23 16:25:01] ── watchdog run ──────────────────────────────
[2026-03-23 16:25:01]   ✅ madladslab (port 3000)
[2026-03-23 16:25:01]   ✅ bih (port 3055)
[2026-03-23 16:25:01]   ✅ ps (port 3399)
[2026-03-23 16:25:01]   ✅ game-state-service (port 3500)
[2026-03-23 16:25:01]   ✅ servers (port 3600)
[2026-03-23 16:25:01]   ✅ acm (port 3004)
[2026-03-23 16:25:03]   ✅ sna (port 3010)
[2026-03-23 16:25:03]   ✅ twww (port 3008)
[2026-03-23 16:25:03]   ✅ madThree (port 3007)
[2026-03-23 16:25:03]   ✅ graffiti-tv (port 3001)
[2026-03-23 16:25:03]   ⚠️  nocometalworkz (port 3003) — DOWN, restarting...
[2026-03-23 16:25:03]   ↳ killing stale session: nocometalworkz
[2026-03-23 16:25:07]   ↳ ✅ started: nocometalworkz
[2026-03-23 16:25:07]   ✅ greealitytv (port 3400)
[2026-03-23 16:25:07]   ✅ w2Marketing (port 3601)
[2026-03-23 16:25:07] ── done ──────────────────────────────────────
[2026-03-23 16:30:01] ── watchdog run ──────────────────────────────
[2026-03-23 16:30:01]   ✅ madladslab (port 3000)
[2026-03-23 16:30:01]   ✅ bih (port 3055)
[2026-03-23 16:30:01]   ✅ ps (port 3399)
[2026-03-23 16:30:01]   ✅ game-state-service (port 3500)
[2026-03-23 16:30:01]   ✅ servers (port 3600)
[2026-03-23 16:30:01]   ✅ acm (port 3004)
[2026-03-23 16:30:03]   ✅ sna (port 3010)
[2026-03-23 16:30:03]   ✅ twww (port 3008)
[2026-03-23 16:30:03]   ✅ madThree (port 3007)
[2026-03-23 16:30:03]   ✅ graffiti-tv (port 3001)
[2026-03-23 16:30:03]   ⚠️  nocometalworkz (port 3003) — DOWN, restarting...
[2026-03-23 16:30:03]   ↳ killing stale session: nocometalworkz
[2026-03-23 16:30:07]   ↳ ✅ started: nocometalworkz
[2026-03-23 16:30:07]   ✅ greealitytv (port 3400)
[2026-03-23 16:30:07]   ✅ w2Marketing (port 3601)
[2026-03-23 16:30:07] ── done ──────────────────────────────────────
[2026-03-23 16:35:01] ── watchdog run ──────────────────────────────
[2026-03-23 16:35:01]   ✅ madladslab (port 3000)
[2026-03-23 16:35:01]   ✅ bih (port 3055)
[2026-03-23 16:35:01]   ✅ ps (port 3399)
[2026-03-23 16:35:01]   ✅ game-state-service (port 3500)
[2026-03-23 16:35:01]   ✅ servers (port 3600)
[2026-03-23 16:35:01]   ✅ acm (port 3004)
[2026-03-23 16:35:03]   ✅ sna (port 3010)
[2026-03-23 16:35:03]   ✅ twww (port 3008)
[2026-03-23 16:35:03]   ✅ madThree (port 3007)
[2026-03-23 16:35:03]   ✅ graffiti-tv (port 3001)
[2026-03-23 16:35:03]   ⚠️  nocometalworkz (port 3003) — DOWN, restarting...
[2026-03-23 16:35:03]   ↳ killing stale session: nocometalworkz
[2026-03-23 16:35:07]   ↳ ✅ started: nocometalworkz
[2026-03-23 16:35:07]   ✅ greealitytv (port 3400)
[2026-03-23 16:35:07]   ✅ w2Marketing (port 3601)
[2026-03-23 16:35:07] ── done ──────────────────────────────────────
[2026-03-23 16:40:01] ── watchdog run ──────────────────────────────
[2026-03-23 16:40:01]   ✅ madladslab (port 3000)
[2026-03-23 16:40:01]   ✅ bih (port 3055)
[2026-03-23 16:40:01]   ✅ ps (port 3399)
[2026-03-23 16:40:01]   ✅ game-state-service (port 3500)
[2026-03-23 16:40:01]   ✅ servers (port 3600)
[2026-03-23 16:40:01]   ✅ acm (port 3004)
[2026-03-23 16:40:03]   ✅ sna (port 3010)
[2026-03-23 16:40:03]   ✅ twww (port 3008)
[2026-03-23 16:40:03]   ✅ madThree (port 3007)
[2026-03-23 16:40:03]   ✅ graffiti-tv (port 3001)
[2026-03-23 16:40:03]   ⚠️  nocometalworkz (port 3003) — DOWN, restarting...
[2026-03-23 16:40:03]   ↳ killing stale session: nocometalworkz
[2026-03-23 16:40:07]   ↳ ✅ started: nocometalworkz
[2026-03-23 16:40:07]   ✅ greealitytv (port 3400)
[2026-03-23 16:40:07]   ✅ w2Marketing (port 3601)
[2026-03-23 16:40:07] ── done ──────────────────────────────────────
[2026-03-23 16:45:01] ── watchdog run ──────────────────────────────
[2026-03-23 16:45:01]   ⚠️  madladslab (port 3000) — DOWN, restarting...
[2026-03-23 16:45:01]   ↳ killing stale session: madladslab
[2026-03-23 16:45:05]   ↳ ✅ started: madladslab
[2026-03-23 16:45:05]   ✅ bih (port 3055)
[2026-03-23 16:45:05]   ✅ ps (port 3399)
[2026-03-23 16:45:05]   ✅ game-state-service (port 3500)
[2026-03-23 16:45:05]   ✅ servers (port 3600)
[2026-03-23 16:45:05]   ✅ acm (port 3004)
[2026-03-23 16:45:07]   ✅ sna (port 3010)
[2026-03-23 16:45:07]   ✅ twww (port 3008)
[2026-03-23 16:45:07]   ✅ madThree (port 3007)
[2026-03-23 16:45:07]   ✅ graffiti-tv (port 3001)
[2026-03-23 16:45:07]   ⚠️  nocometalworkz (port 3003) — DOWN, restarting...
[2026-03-23 16:45:07]   ↳ killing stale session: nocometalworkz
[2026-03-23 16:45:11]   ↳ ✅ started: nocometalworkz
[2026-03-23 16:45:11]   ✅ greealitytv (port 3400)
[2026-03-23 16:45:11]   ✅ w2Marketing (port 3601)
[2026-03-23 16:45:11] ── done ──────────────────────────────────────
[2026-03-23 16:50:01] ── watchdog run ──────────────────────────────
[2026-03-23 16:50:01]   ✅ madladslab (port 3000)
[2026-03-23 16:50:01]   ✅ bih (port 3055)
[2026-03-23 16:50:01]   ✅ ps (port 3399)
[2026-03-23 16:50:01]   ✅ game-state-service (port 3500)
[2026-03-23 16:50:02]   ✅ servers (port 3600)
[2026-03-23 16:50:02]   ✅ acm (port 3004)
[2026-03-23 16:50:02]   ✅ sna (port 3010)
[2026-03-23 16:50:02]   ✅ twww (port 3008)
[2026-03-23 16:50:02]   ✅ madThree (port 3007)
[2026-03-23 16:50:03]   ✅ graffiti-tv (port 3001)
[2026-03-23 16:50:03]   ⚠️  nocometalworkz (port 3003) — DOWN, restarting...
[2026-03-23 16:50:03]   ↳ killing stale session: nocometalworkz
[2026-03-23 16:50:07]   ↳ ✅ started: nocometalworkz
[2026-03-23 16:50:07]   ✅ greealitytv (port 3400)
[2026-03-23 16:50:07]   ✅ w2Marketing (port 3601)
[2026-03-23 16:50:07] ── done ──────────────────────────────────────
[2026-03-23 16:55:01] ── watchdog run ──────────────────────────────
[2026-03-23 16:55:01]   ✅ madladslab (port 3000)
[2026-03-23 16:55:01]   ✅ bih (port 3055)
[2026-03-23 16:55:01]   ✅ ps (port 3399)
[2026-03-23 16:55:01]   ✅ game-state-service (port 3502)
[2026-03-23 16:55:01]   ✅ games (port 3500)
[2026-03-23 16:55:01]   ✅ servers (port 3600)
[2026-03-23 16:55:01]   ✅ acm (port 3004)
[2026-03-23 16:55:02]   ✅ sna (port 3010)
[2026-03-23 16:55:02]   ✅ twww (port 3008)
[2026-03-23 16:55:02]   ✅ madThree (port 3007)
[2026-03-23 16:55:02]   ✅ graffiti-tv (port 3001)
[2026-03-23 16:55:02]   ⚠️  nocometalworkz (port 3003) — DOWN, restarting...
[2026-03-23 16:55:02]   ↳ killing stale session: nocometalworkz
[2026-03-23 16:55:06]   ↳ ✅ started: nocometalworkz
[2026-03-23 16:55:07]   ✅ greealitytv (port 3400)
[2026-03-23 16:55:07]   ✅ w2Marketing (port 3601)
[2026-03-23 16:55:07] ── done ──────────────────────────────────────
[2026-03-23 17:00:01] ── watchdog run ──────────────────────────────
[2026-03-23 17:00:01]   ✅ madladslab (port 3000)
[2026-03-23 17:00:01]   ✅ bih (port 3055)
[2026-03-23 17:00:01]   ✅ ps (port 3399)
[2026-03-23 17:00:01]   ✅ game-state-service (port 3502)
[2026-03-23 17:00:01]   ✅ games (port 3500)
[2026-03-23 17:00:01]   ✅ servers (port 3600)
[2026-03-23 17:00:01]   ✅ acm (port 3004)
[2026-03-23 17:00:02]   ✅ sna (port 3010)
[2026-03-23 17:00:02]   ✅ twww (port 3008)
[2026-03-23 17:00:02]   ✅ madThree (port 3007)
[2026-03-23 17:00:02]   ✅ graffiti-tv (port 3001)
[2026-03-23 17:00:02]   ⚠️  nocometalworkz (port 3003) — DOWN, restarting...
[2026-03-23 17:00:02]   ↳ killing stale session: nocometalworkz
[2026-03-23 17:00:06]   ↳ ✅ started: nocometalworkz
[2026-03-23 17:00:06]   ✅ greealitytv (port 3400)
[2026-03-23 17:00:07]   ✅ w2Marketing (port 3601)
[2026-03-23 17:00:07] ── done ──────────────────────────────────────
